<?xml version="1.0" encoding="UTF-8"?>
<testng-results skipped="0" failed="0" total="1" passed="1">
  <reporter-output>
  </reporter-output>
  <suite name="Suite" duration-ms="4701" started-at="2013-01-17T12:55:58Z" finished-at="2013-01-17T12:56:02Z">
    <groups>
    </groups>
    <test name="Test" duration-ms="4701" started-at="2013-01-17T12:55:58Z" finished-at="2013-01-17T12:56:02Z">
      <class name="com.snapdeal.testing.shipping.ShippingTest">
        <test-method status="PASS" signature="getActiveShippingProvider()" name="getActiveShippingProvider" duration-ms="4676" started-at="2013-01-17T12:55:58Z" finished-at="2013-01-17T12:56:02Z">
        </test-method>
      </class>
    </test>
  </suite>
</testng-results>
